Analysis & Synthesis report for course_work
Mon Mar 11 19:39:34 2024
Quartus II Version 9.1 Build 222 10/21/2009 SJ Web Edition


---------------------
; Table of Contents ;
---------------------
  1. Legal Notice
  2. Analysis & Synthesis Summary
  3. Analysis & Synthesis Settings
  4. Parallel Compilation
  5. Source assignments for takt:inst|lpm_counter3:inst2|lpm_counter:lpm_counter_component
  6. Parameter Settings for User Entity Instance: takt:inst|lpm_decode3:inst1|lpm_decode:lpm_decode_component
  7. Parameter Settings for User Entity Instance: takt:inst|lpm_counter3:inst2|lpm_counter:lpm_counter_component
  8. Parameter Settings for User Entity Instance: lpm_decode4:inst14|lpm_decode:lpm_decode_component
  9. Parameter Settings for User Entity Instance: lpm_dff0:inst7|lpm_ff:lpm_ff_component
 10. Parameter Settings for User Entity Instance: lpm_bustri1:inst41|lpm_bustri:lpm_bustri_component
 11. Parameter Settings for User Entity Instance: instraction_pointer:inst3|lpm_bustri5:inst5|lpm_bustri:lpm_bustri_component
 12. Parameter Settings for User Entity Instance: instraction_pointer:inst3|lpm_dff1:inst|lpm_ff:lpm_ff_component
 13. Parameter Settings for User Entity Instance: instraction_pointer:inst3|lpm_bustri5:inst10|lpm_bustri:lpm_bustri_component
 14. Parameter Settings for User Entity Instance: instraction_pointer:inst3|lpm_bustri5:inst4|lpm_bustri:lpm_bustri_component
 15. Parameter Settings for User Entity Instance: instraction_pointer:inst3|lpm_add_sub0:inst1|lpm_add_sub:lpm_add_sub_component
 16. Parameter Settings for User Entity Instance: lpm_dff0:inst8|lpm_ff:lpm_ff_component
 17. Parameter Settings for User Entity Instance: lpm_bustri1:inst43|lpm_bustri:lpm_bustri_component
 18. Parameter Settings for User Entity Instance: lpm_bustri1:inst44|lpm_bustri:lpm_bustri_component
 19. Parameter Settings for User Entity Instance: lpm_bustri5:inst17|lpm_bustri:lpm_bustri_component
 20. Parameter Settings for User Entity Instance: lpm_bustri5:inst23|lpm_bustri:lpm_bustri_component
 21. Parameter Settings for User Entity Instance: lpm_bustri5:inst61|lpm_bustri:lpm_bustri_component
 22. Parameter Settings for User Entity Instance: address_resolver:inst10|lpm_add_sub2:inst32|lpm_add_sub:lpm_add_sub_component
 23. Parameter Settings for User Entity Instance: address_resolver:inst10|lpm_add_sub2:inst31|lpm_add_sub:lpm_add_sub_component
 24. Parameter Settings for User Entity Instance: address_resolver:inst10|lpm_dff1:inst28|lpm_ff:lpm_ff_component
 25. Parameter Settings for User Entity Instance: address_resolver:inst10|lpm_dff1:inst30|lpm_ff:lpm_ff_component
 26. Parameter Settings for User Entity Instance: lpm_bustri2:inst18|lpm_bustri:lpm_bustri_component
 27. Parameter Settings for User Entity Instance: lpm_bustri2:inst24|lpm_bustri:lpm_bustri_component
 28. Parameter Settings for User Entity Instance: lpm_bustri2:inst26|lpm_bustri:lpm_bustri_component
 29. Parameter Settings for User Entity Instance: lpm_bustri2:inst27|lpm_bustri:lpm_bustri_component
 30. Parameter Settings for User Entity Instance: lpm_bustri2:inst36|lpm_bustri:lpm_bustri_component
 31. Parameter Settings for User Entity Instance: lpm_bustri2:inst56|lpm_bustri:lpm_bustri_component
 32. Parameter Settings for User Entity Instance: lpm_bustri2:inst58|lpm_bustri:lpm_bustri_component
 33. Parameter Settings for User Entity Instance: lpm_bustri2:inst77|lpm_bustri:lpm_bustri_component
 34. Parameter Settings for User Entity Instance: lpm_bustri2:inst28|lpm_bustri:lpm_bustri_component
 35. Parameter Settings for User Entity Instance: lpm_bustri2:inst30|lpm_bustri:lpm_bustri_component
 36. Analysis & Synthesis Messages



----------------
; Legal Notice ;
----------------
Copyright (C) 1991-2009 Altera Corporation
Your use of Altera Corporation's design tools, logic functions 
and other software and tools, and its AMPP partner logic 
functions, and any output files from any of the foregoing 
(including device programming or simulation files), and any 
associated documentation or information are expressly subject 
to the terms and conditions of the Altera Program License 
Subscription Agreement, Altera MegaCore Function License 
Agreement, or other applicable license agreement, including, 
without limitation, that your use is for the sole purpose of 
programming logic devices manufactured by Altera and sold by 
Altera or its authorized distributors.  Please refer to the 
applicable agreement for further details.



+-------------------------------------------------------------------------+
; Analysis & Synthesis Summary                                            ;
+-------------------------------+-----------------------------------------+
; Analysis & Synthesis Status   ; Failed - Mon Mar 11 19:39:34 2024       ;
; Quartus II Version            ; 9.1 Build 222 10/21/2009 SJ Web Edition ;
; Revision Name                 ; course_work                             ;
; Top-level Entity Name         ; control_block                           ;
; Family                        ; Stratix II                              ;
; Logic utilization             ; N/A until Partition Merge               ;
;     Combinational ALUTs       ; N/A until Partition Merge               ;
;     Dedicated logic registers ; N/A until Partition Merge               ;
; Total registers               ; N/A until Partition Merge               ;
; Total pins                    ; N/A until Partition Merge               ;
; Total virtual pins            ; N/A until Partition Merge               ;
; Total block memory bits       ; N/A until Partition Merge               ;
; DSP block 9-bit elements      ; N/A until Partition Merge               ;
; Total PLLs                    ; N/A until Partition Merge               ;
; Total DLLs                    ; N/A until Partition Merge               ;
+-------------------------------+-----------------------------------------+


+----------------------------------------------------------------------------------------------------------------------+
; Analysis & Synthesis Settings                                                                                        ;
+----------------------------------------------------------------------------+--------------------+--------------------+
; Option                                                                     ; Setting            ; Default Value      ;
+----------------------------------------------------------------------------+--------------------+--------------------+
; Top-level entity name                                                      ; control_block      ; course_work        ;
; Family name                                                                ; Stratix II         ; Stratix II         ;
; Use Generated Physical Constraints File                                    ; Off                ;                    ;
; Use smart compilation                                                      ; Off                ; Off                ;
; Enable parallel Assembler and TimeQuest Timing Analyzer during compilation ; On                 ; On                 ;
; Enable compact report table                                                ; Off                ; Off                ;
; Restructure Multiplexers                                                   ; Auto               ; Auto               ;
; Create Debugging Nodes for IP Cores                                        ; Off                ; Off                ;
; Preserve fewer node names                                                  ; On                 ; On                 ;
; Disable OpenCore Plus hardware evaluation                                  ; Off                ; Off                ;
; Verilog Version                                                            ; Verilog_2001       ; Verilog_2001       ;
; VHDL Version                                                               ; VHDL_1993          ; VHDL_1993          ;
; State Machine Processing                                                   ; Auto               ; Auto               ;
; Safe State Machine                                                         ; Off                ; Off                ;
; Extract Verilog State Machines                                             ; On                 ; On                 ;
; Extract VHDL State Machines                                                ; On                 ; On                 ;
; Ignore Verilog initial constructs                                          ; Off                ; Off                ;
; Iteration limit for constant Verilog loops                                 ; 5000               ; 5000               ;
; Iteration limit for non-constant Verilog loops                             ; 250                ; 250                ;
; Add Pass-Through Logic to Inferred RAMs                                    ; On                 ; On                 ;
; Parallel Synthesis                                                         ; On                 ; On                 ;
; DSP Block Balancing                                                        ; Auto               ; Auto               ;
; NOT Gate Push-Back                                                         ; On                 ; On                 ;
; Power-Up Don't Care                                                        ; On                 ; On                 ;
; Remove Redundant Logic Cells                                               ; Off                ; Off                ;
; Remove Duplicate Registers                                                 ; On                 ; On                 ;
; Ignore CARRY Buffers                                                       ; Off                ; Off                ;
; Ignore CASCADE Buffers                                                     ; Off                ; Off                ;
; Ignore GLOBAL Buffers                                                      ; Off                ; Off                ;
; Ignore ROW GLOBAL Buffers                                                  ; Off                ; Off                ;
; Ignore LCELL Buffers                                                       ; Off                ; Off                ;
; Ignore SOFT Buffers                                                        ; On                 ; On                 ;
; Limit AHDL Integers to 32 Bits                                             ; Off                ; Off                ;
; Optimization Technique                                                     ; Balanced           ; Balanced           ;
; Carry Chain Length                                                         ; 70                 ; 70                 ;
; Auto Carry Chains                                                          ; On                 ; On                 ;
; Auto Open-Drain Pins                                                       ; On                 ; On                 ;
; Perform WYSIWYG Primitive Resynthesis                                      ; Off                ; Off                ;
; Auto ROM Replacement                                                       ; On                 ; On                 ;
; Auto RAM Replacement                                                       ; On                 ; On                 ;
; Auto DSP Block Replacement                                                 ; On                 ; On                 ;
; Auto Shift Register Replacement                                            ; Auto               ; Auto               ;
; Auto Clock Enable Replacement                                              ; On                 ; On                 ;
; Strict RAM Replacement                                                     ; Off                ; Off                ;
; Allow Synchronous Control Signals                                          ; On                 ; On                 ;
; Force Use of Synchronous Clear Signals                                     ; Off                ; Off                ;
; Auto RAM Block Balancing                                                   ; On                 ; On                 ;
; Auto RAM to Logic Cell Conversion                                          ; Off                ; Off                ;
; Auto Resource Sharing                                                      ; Off                ; Off                ;
; Allow Any RAM Size For Recognition                                         ; Off                ; Off                ;
; Allow Any ROM Size For Recognition                                         ; Off                ; Off                ;
; Allow Any Shift Register Size For Recognition                              ; Off                ; Off                ;
; Use LogicLock Constraints during Resource Balancing                        ; On                 ; On                 ;
; Ignore translate_off and synthesis_off directives                          ; Off                ; Off                ;
; Timing-Driven Synthesis                                                    ; Off                ; Off                ;
; Show Parameter Settings Tables in Synthesis Report                         ; On                 ; On                 ;
; Ignore Maximum Fan-Out Assignments                                         ; Off                ; Off                ;
; Synchronization Register Chain Length                                      ; 2                  ; 2                  ;
; PowerPlay Power Optimization                                               ; Normal compilation ; Normal compilation ;
; HDL message level                                                          ; Level2             ; Level2             ;
; Suppress Register Optimization Related Messages                            ; Off                ; Off                ;
; Number of Removed Registers Reported in Synthesis Report                   ; 100                ; 100                ;
; Number of Inverted Registers Reported in Synthesis Report                  ; 100                ; 100                ;
; Clock MUX Protection                                                       ; On                 ; On                 ;
; Auto Gated Clock Conversion                                                ; Off                ; Off                ;
; Block Design Naming                                                        ; Auto               ; Auto               ;
; SDC constraint protection                                                  ; Off                ; Off                ;
; Synthesis Effort                                                           ; Auto               ; Auto               ;
; Shift Register Replacement - Allow Asynchronous Clear Signal               ; On                 ; On                 ;
; Analysis & Synthesis Message Level                                         ; Medium             ; Medium             ;
; Disable Register Merging Across Hierarchies                                ; Auto               ; Auto               ;
; Resource Aware Inference For Block RAM                                     ; On                 ; On                 ;
+----------------------------------------------------------------------------+--------------------+--------------------+


Parallel compilation was disabled, but you have multiple processors available. Enable parallel compilation to reduce compilation time.
+-------------------------------------+
; Parallel Compilation                ;
+----------------------------+--------+
; Processors                 ; Number ;
+----------------------------+--------+
; Number detected on machine ; 4      ;
; Maximum allowed            ; 1      ;
+----------------------------+--------+


+---------------------------------------------------------------------------------------+
; Source assignments for takt:inst|lpm_counter3:inst2|lpm_counter:lpm_counter_component ;
+---------------------------+-------+------+--------------------------------------------+
; Assignment                ; Value ; From ; To                                         ;
+---------------------------+-------+------+--------------------------------------------+
; SUPPRESS_DA_RULE_INTERNAL ; a101  ; -    ; -                                          ;
; SUPPRESS_DA_RULE_INTERNAL ; s102  ; -    ; -                                          ;
; SUPPRESS_DA_RULE_INTERNAL ; s103  ; -    ; -                                          ;
+---------------------------+-------+------+--------------------------------------------+


+----------------------------------------------------------------------------------------------------------+
; Parameter Settings for User Entity Instance: takt:inst|lpm_decode3:inst1|lpm_decode:lpm_decode_component ;
+------------------------+------------+--------------------------------------------------------------------+
; Parameter Name         ; Value      ; Type                                                               ;
+------------------------+------------+--------------------------------------------------------------------+
; LPM_WIDTH              ; 4          ; Untyped                                                            ;
; LPM_DECODES            ; 16         ; Untyped                                                            ;
; LPM_PIPELINE           ; 0          ; Untyped                                                            ;
; CASCADE_CHAIN          ; MANUAL     ; Untyped                                                            ;
; DEVICE_FAMILY          ; Stratix II ; Untyped                                                            ;
; CBXI_PARAMETER         ; decode_e9f ; Untyped                                                            ;
; AUTO_CARRY_CHAINS      ; ON         ; AUTO_CARRY                                                         ;
; IGNORE_CARRY_BUFFERS   ; OFF        ; IGNORE_CARRY                                                       ;
; AUTO_CASCADE_CHAINS    ; ON         ; AUTO_CASCADE                                                       ;
; IGNORE_CASCADE_BUFFERS ; OFF        ; IGNORE_CASCADE                                                     ;
+------------------------+------------+--------------------------------------------------------------------+
Note: In order to hide this table in the UI and the text report file, please set the "Show Parameter Settings Tables in Synthesis Report" option in "Analysis and Synthesis Settings -> More Settings" to "Off".


+-------------------------------------------------------------------------------------------------------------+
; Parameter Settings for User Entity Instance: takt:inst|lpm_counter3:inst2|lpm_counter:lpm_counter_component ;
+------------------------+-------------+----------------------------------------------------------------------+
; Parameter Name         ; Value       ; Type                                                                 ;
+------------------------+-------------+----------------------------------------------------------------------+
; AUTO_CARRY_CHAINS      ; ON          ; AUTO_CARRY                                                           ;
; IGNORE_CARRY_BUFFERS   ; OFF         ; IGNORE_CARRY                                                         ;
; AUTO_CASCADE_CHAINS    ; ON          ; AUTO_CASCADE                                                         ;
; IGNORE_CASCADE_BUFFERS ; OFF         ; IGNORE_CASCADE                                                       ;
; LPM_WIDTH              ; 4           ; Untyped                                                              ;
; LPM_DIRECTION          ; UP          ; Untyped                                                              ;
; LPM_MODULUS            ; 0           ; Untyped                                                              ;
; LPM_AVALUE             ; UNUSED      ; Untyped                                                              ;
; LPM_SVALUE             ; UNUSED      ; Untyped                                                              ;
; LPM_PORT_UPDOWN        ; PORT_UNUSED ; Untyped                                                              ;
; DEVICE_FAMILY          ; Stratix II  ; Untyped                                                              ;
; CARRY_CHAIN            ; MANUAL      ; Untyped                                                              ;
; CARRY_CHAIN_LENGTH     ; 48          ; CARRY_CHAIN_LENGTH                                                   ;
; NOT_GATE_PUSH_BACK     ; ON          ; NOT_GATE_PUSH_BACK                                                   ;
; CARRY_CNT_EN           ; SMART       ; Untyped                                                              ;
; LABWIDE_SCLR           ; ON          ; Untyped                                                              ;
; USE_NEW_VERSION        ; TRUE        ; Untyped                                                              ;
; CBXI_PARAMETER         ; cntr_s3i    ; Untyped                                                              ;
+------------------------+-------------+----------------------------------------------------------------------+
Note: In order to hide this table in the UI and the text report file, please set the "Show Parameter Settings Tables in Synthesis Report" option in "Analysis and Synthesis Settings -> More Settings" to "Off".


+-------------------------------------------------------------------------------------------------+
; Parameter Settings for User Entity Instance: lpm_decode4:inst14|lpm_decode:lpm_decode_component ;
+------------------------+------------+-----------------------------------------------------------+
; Parameter Name         ; Value      ; Type                                                      ;
+------------------------+------------+-----------------------------------------------------------+
; LPM_WIDTH              ; 5          ; Untyped                                                   ;
; LPM_DECODES            ; 32         ; Untyped                                                   ;
; LPM_PIPELINE           ; 0          ; Untyped                                                   ;
; CASCADE_CHAIN          ; MANUAL     ; Untyped                                                   ;
; DEVICE_FAMILY          ; Stratix II ; Untyped                                                   ;
; CBXI_PARAMETER         ; decode_d9f ; Untyped                                                   ;
; AUTO_CARRY_CHAINS      ; ON         ; AUTO_CARRY                                                ;
; IGNORE_CARRY_BUFFERS   ; OFF        ; IGNORE_CARRY                                              ;
; AUTO_CASCADE_CHAINS    ; ON         ; AUTO_CASCADE                                              ;
; IGNORE_CASCADE_BUFFERS ; OFF        ; IGNORE_CASCADE                                            ;
+------------------------+------------+-----------------------------------------------------------+
Note: In order to hide this table in the UI and the text report file, please set the "Show Parameter Settings Tables in Synthesis Report" option in "Analysis and Synthesis Settings -> More Settings" to "Off".


+-------------------------------------------------------------------------------------+
; Parameter Settings for User Entity Instance: lpm_dff0:inst7|lpm_ff:lpm_ff_component ;
+------------------------+------------+-----------------------------------------------+
; Parameter Name         ; Value      ; Type                                          ;
+------------------------+------------+-----------------------------------------------+
; LPM_WIDTH              ; 15         ; Untyped                                       ;
; LPM_AVALUE             ; UNUSED     ; Untyped                                       ;
; LPM_SVALUE             ; UNUSED     ; Untyped                                       ;
; LPM_FFTYPE             ; DFF        ; Untyped                                       ;
; DEVICE_FAMILY          ; Stratix II ; Untyped                                       ;
; CBXI_PARAMETER         ; NOTHING    ; Untyped                                       ;
; AUTO_CARRY_CHAINS      ; ON         ; AUTO_CARRY                                    ;
; IGNORE_CARRY_BUFFERS   ; OFF        ; IGNORE_CARRY                                  ;
; AUTO_CASCADE_CHAINS    ; ON         ; AUTO_CASCADE                                  ;
; IGNORE_CASCADE_BUFFERS ; OFF        ; IGNORE_CASCADE                                ;
+------------------------+------------+-----------------------------------------------+
Note: In order to hide this table in the UI and the text report file, please set the "Show Parameter Settings Tables in Synthesis Report" option in "Analysis and Synthesis Settings -> More Settings" to "Off".


+-------------------------------------------------------------------------------------------------+
; Parameter Settings for User Entity Instance: lpm_bustri1:inst41|lpm_bustri:lpm_bustri_component ;
+----------------+-------+------------------------------------------------------------------------+
; Parameter Name ; Value ; Type                                                                   ;
+----------------+-------+------------------------------------------------------------------------+
; LPM_WIDTH      ; 15    ; Untyped                                                                ;
+----------------+-------+------------------------------------------------------------------------+
Note: In order to hide this table in the UI and the text report file, please set the "Show Parameter Settings Tables in Synthesis Report" option in "Analysis and Synthesis Settings -> More Settings" to "Off".


+--------------------------------------------------------------------------------------------------------------------------+
; Parameter Settings for User Entity Instance: instraction_pointer:inst3|lpm_bustri5:inst5|lpm_bustri:lpm_bustri_component ;
+----------------+-------+-------------------------------------------------------------------------------------------------+
; Parameter Name ; Value ; Type                                                                                            ;
+----------------+-------+-------------------------------------------------------------------------------------------------+
; LPM_WIDTH      ; 12    ; Untyped                                                                                         ;
+----------------+-------+-------------------------------------------------------------------------------------------------+
Note: In order to hide this table in the UI and the text report file, please set the "Show Parameter Settings Tables in Synthesis Report" option in "Analysis and Synthesis Settings -> More Settings" to "Off".


+--------------------------------------------------------------------------------------------------------------+
; Parameter Settings for User Entity Instance: instraction_pointer:inst3|lpm_dff1:inst|lpm_ff:lpm_ff_component ;
+------------------------+------------+------------------------------------------------------------------------+
; Parameter Name         ; Value      ; Type                                                                   ;
+------------------------+------------+------------------------------------------------------------------------+
; LPM_WIDTH              ; 12         ; Untyped                                                                ;
; LPM_AVALUE             ; UNUSED     ; Untyped                                                                ;
; LPM_SVALUE             ; UNUSED     ; Untyped                                                                ;
; LPM_FFTYPE             ; DFF        ; Untyped                                                                ;
; DEVICE_FAMILY          ; Stratix II ; Untyped                                                                ;
; CBXI_PARAMETER         ; NOTHING    ; Untyped                                                                ;
; AUTO_CARRY_CHAINS      ; ON         ; AUTO_CARRY                                                             ;
; IGNORE_CARRY_BUFFERS   ; OFF        ; IGNORE_CARRY                                                           ;
; AUTO_CASCADE_CHAINS    ; ON         ; AUTO_CASCADE                                                           ;
; IGNORE_CASCADE_BUFFERS ; OFF        ; IGNORE_CASCADE                                                         ;
+------------------------+------------+------------------------------------------------------------------------+
Note: In order to hide this table in the UI and the text report file, please set the "Show Parameter Settings Tables in Synthesis Report" option in "Analysis and Synthesis Settings -> More Settings" to "Off".


+---------------------------------------------------------------------------------------------------------------------------+
; Parameter Settings for User Entity Instance: instraction_pointer:inst3|lpm_bustri5:inst10|lpm_bustri:lpm_bustri_component ;
+----------------+-------+--------------------------------------------------------------------------------------------------+
; Parameter Name ; Value ; Type                                                                                             ;
+----------------+-------+--------------------------------------------------------------------------------------------------+
; LPM_WIDTH      ; 12    ; Untyped                                                                                          ;
+----------------+-------+--------------------------------------------------------------------------------------------------+
Note: In order to hide this table in the UI and the text report file, please set the "Show Parameter Settings Tables in Synthesis Report" option in "Analysis and Synthesis Settings -> More Settings" to "Off".


+--------------------------------------------------------------------------------------------------------------------------+
; Parameter Settings for User Entity Instance: instraction_pointer:inst3|lpm_bustri5:inst4|lpm_bustri:lpm_bustri_component ;
+----------------+-------+-------------------------------------------------------------------------------------------------+
; Parameter Name ; Value ; Type                                                                                            ;
+----------------+-------+-------------------------------------------------------------------------------------------------+
; LPM_WIDTH      ; 12    ; Untyped                                                                                         ;
+----------------+-------+-------------------------------------------------------------------------------------------------+
Note: In order to hide this table in the UI and the text report file, please set the "Show Parameter Settings Tables in Synthesis Report" option in "Analysis and Synthesis Settings -> More Settings" to "Off".


+-----------------------------------------------------------------------------------------------------------------------------+
; Parameter Settings for User Entity Instance: instraction_pointer:inst3|lpm_add_sub0:inst1|lpm_add_sub:lpm_add_sub_component ;
+------------------------+-------------+--------------------------------------------------------------------------------------+
; Parameter Name         ; Value       ; Type                                                                                 ;
+------------------------+-------------+--------------------------------------------------------------------------------------+
; LPM_WIDTH              ; 12          ; Untyped                                                                              ;
; LPM_REPRESENTATION     ; UNSIGNED    ; Untyped                                                                              ;
; LPM_DIRECTION          ; ADD         ; Untyped                                                                              ;
; ONE_INPUT_IS_CONSTANT  ; YES         ; Untyped                                                                              ;
; LPM_PIPELINE           ; 0           ; Untyped                                                                              ;
; MAXIMIZE_SPEED         ; 5           ; Untyped                                                                              ;
; REGISTERED_AT_END      ; 0           ; Untyped                                                                              ;
; OPTIMIZE_FOR_SPEED     ; 5           ; Untyped                                                                              ;
; USE_CS_BUFFERS         ; 1           ; Untyped                                                                              ;
; CARRY_CHAIN            ; MANUAL      ; Untyped                                                                              ;
; CARRY_CHAIN_LENGTH     ; 48          ; CARRY_CHAIN_LENGTH                                                                   ;
; DEVICE_FAMILY          ; Stratix II  ; Untyped                                                                              ;
; USE_WYS                ; OFF         ; Untyped                                                                              ;
; STYLE                  ; FAST        ; Untyped                                                                              ;
; CBXI_PARAMETER         ; add_sub_dqh ; Untyped                                                                              ;
; AUTO_CARRY_CHAINS      ; ON          ; AUTO_CARRY                                                                           ;
; IGNORE_CARRY_BUFFERS   ; OFF         ; IGNORE_CARRY                                                                         ;
; AUTO_CASCADE_CHAINS    ; ON          ; AUTO_CASCADE                                                                         ;
; IGNORE_CASCADE_BUFFERS ; OFF         ; IGNORE_CASCADE                                                                       ;
+------------------------+-------------+--------------------------------------------------------------------------------------+
Note: In order to hide this table in the UI and the text report file, please set the "Show Parameter Settings Tables in Synthesis Report" option in "Analysis and Synthesis Settings -> More Settings" to "Off".


+-------------------------------------------------------------------------------------+
; Parameter Settings for User Entity Instance: lpm_dff0:inst8|lpm_ff:lpm_ff_component ;
+------------------------+------------+-----------------------------------------------+
; Parameter Name         ; Value      ; Type                                          ;
+------------------------+------------+-----------------------------------------------+
; LPM_WIDTH              ; 15         ; Untyped                                       ;
; LPM_AVALUE             ; UNUSED     ; Untyped                                       ;
; LPM_SVALUE             ; UNUSED     ; Untyped                                       ;
; LPM_FFTYPE             ; DFF        ; Untyped                                       ;
; DEVICE_FAMILY          ; Stratix II ; Untyped                                       ;
; CBXI_PARAMETER         ; NOTHING    ; Untyped                                       ;
; AUTO_CARRY_CHAINS      ; ON         ; AUTO_CARRY                                    ;
; IGNORE_CARRY_BUFFERS   ; OFF        ; IGNORE_CARRY                                  ;
; AUTO_CASCADE_CHAINS    ; ON         ; AUTO_CASCADE                                  ;
; IGNORE_CASCADE_BUFFERS ; OFF        ; IGNORE_CASCADE                                ;
+------------------------+------------+-----------------------------------------------+
Note: In order to hide this table in the UI and the text report file, please set the "Show Parameter Settings Tables in Synthesis Report" option in "Analysis and Synthesis Settings -> More Settings" to "Off".


+-------------------------------------------------------------------------------------------------+
; Parameter Settings for User Entity Instance: lpm_bustri1:inst43|lpm_bustri:lpm_bustri_component ;
+----------------+-------+------------------------------------------------------------------------+
; Parameter Name ; Value ; Type                                                                   ;
+----------------+-------+------------------------------------------------------------------------+
; LPM_WIDTH      ; 15    ; Untyped                                                                ;
+----------------+-------+------------------------------------------------------------------------+
Note: In order to hide this table in the UI and the text report file, please set the "Show Parameter Settings Tables in Synthesis Report" option in "Analysis and Synthesis Settings -> More Settings" to "Off".


+-------------------------------------------------------------------------------------------------+
; Parameter Settings for User Entity Instance: lpm_bustri1:inst44|lpm_bustri:lpm_bustri_component ;
+----------------+-------+------------------------------------------------------------------------+
; Parameter Name ; Value ; Type                                                                   ;
+----------------+-------+------------------------------------------------------------------------+
; LPM_WIDTH      ; 15    ; Untyped                                                                ;
+----------------+-------+------------------------------------------------------------------------+
Note: In order to hide this table in the UI and the text report file, please set the "Show Parameter Settings Tables in Synthesis Report" option in "Analysis and Synthesis Settings -> More Settings" to "Off".


+-------------------------------------------------------------------------------------------------+
; Parameter Settings for User Entity Instance: lpm_bustri5:inst17|lpm_bustri:lpm_bustri_component ;
+----------------+-------+------------------------------------------------------------------------+
; Parameter Name ; Value ; Type                                                                   ;
+----------------+-------+------------------------------------------------------------------------+
; LPM_WIDTH      ; 12    ; Untyped                                                                ;
+----------------+-------+------------------------------------------------------------------------+
Note: In order to hide this table in the UI and the text report file, please set the "Show Parameter Settings Tables in Synthesis Report" option in "Analysis and Synthesis Settings -> More Settings" to "Off".


+-------------------------------------------------------------------------------------------------+
; Parameter Settings for User Entity Instance: lpm_bustri5:inst23|lpm_bustri:lpm_bustri_component ;
+----------------+-------+------------------------------------------------------------------------+
; Parameter Name ; Value ; Type                                                                   ;
+----------------+-------+------------------------------------------------------------------------+
; LPM_WIDTH      ; 12    ; Untyped                                                                ;
+----------------+-------+------------------------------------------------------------------------+
Note: In order to hide this table in the UI and the text report file, please set the "Show Parameter Settings Tables in Synthesis Report" option in "Analysis and Synthesis Settings -> More Settings" to "Off".


+-------------------------------------------------------------------------------------------------+
; Parameter Settings for User Entity Instance: lpm_bustri5:inst61|lpm_bustri:lpm_bustri_component ;
+----------------+-------+------------------------------------------------------------------------+
; Parameter Name ; Value ; Type                                                                   ;
+----------------+-------+------------------------------------------------------------------------+
; LPM_WIDTH      ; 12    ; Untyped                                                                ;
+----------------+-------+------------------------------------------------------------------------+
Note: In order to hide this table in the UI and the text report file, please set the "Show Parameter Settings Tables in Synthesis Report" option in "Analysis and Synthesis Settings -> More Settings" to "Off".


+----------------------------------------------------------------------------------------------------------------------------+
; Parameter Settings for User Entity Instance: address_resolver:inst10|lpm_add_sub2:inst32|lpm_add_sub:lpm_add_sub_component ;
+------------------------+-------------+-------------------------------------------------------------------------------------+
; Parameter Name         ; Value       ; Type                                                                                ;
+------------------------+-------------+-------------------------------------------------------------------------------------+
; LPM_WIDTH              ; 12          ; Untyped                                                                             ;
; LPM_REPRESENTATION     ; UNSIGNED    ; Untyped                                                                             ;
; LPM_DIRECTION          ; ADD         ; Untyped                                                                             ;
; ONE_INPUT_IS_CONSTANT  ; NO          ; Untyped                                                                             ;
; LPM_PIPELINE           ; 0           ; Untyped                                                                             ;
; MAXIMIZE_SPEED         ; 5           ; Untyped                                                                             ;
; REGISTERED_AT_END      ; 0           ; Untyped                                                                             ;
; OPTIMIZE_FOR_SPEED     ; 5           ; Untyped                                                                             ;
; USE_CS_BUFFERS         ; 1           ; Untyped                                                                             ;
; CARRY_CHAIN            ; MANUAL      ; Untyped                                                                             ;
; CARRY_CHAIN_LENGTH     ; 48          ; CARRY_CHAIN_LENGTH                                                                  ;
; DEVICE_FAMILY          ; Stratix II  ; Untyped                                                                             ;
; USE_WYS                ; OFF         ; Untyped                                                                             ;
; STYLE                  ; FAST        ; Untyped                                                                             ;
; CBXI_PARAMETER         ; add_sub_pmh ; Untyped                                                                             ;
; AUTO_CARRY_CHAINS      ; ON          ; AUTO_CARRY                                                                          ;
; IGNORE_CARRY_BUFFERS   ; OFF         ; IGNORE_CARRY                                                                        ;
; AUTO_CASCADE_CHAINS    ; ON          ; AUTO_CASCADE                                                                        ;
; IGNORE_CASCADE_BUFFERS ; OFF         ; IGNORE_CASCADE                                                                      ;
+------------------------+-------------+-------------------------------------------------------------------------------------+
Note: In order to hide this table in the UI and the text report file, please set the "Show Parameter Settings Tables in Synthesis Report" option in "Analysis and Synthesis Settings -> More Settings" to "Off".


+----------------------------------------------------------------------------------------------------------------------------+
; Parameter Settings for User Entity Instance: address_resolver:inst10|lpm_add_sub2:inst31|lpm_add_sub:lpm_add_sub_component ;
+------------------------+-------------+-------------------------------------------------------------------------------------+
; Parameter Name         ; Value       ; Type                                                                                ;
+------------------------+-------------+-------------------------------------------------------------------------------------+
; LPM_WIDTH              ; 12          ; Untyped                                                                             ;
; LPM_REPRESENTATION     ; UNSIGNED    ; Untyped                                                                             ;
; LPM_DIRECTION          ; ADD         ; Untyped                                                                             ;
; ONE_INPUT_IS_CONSTANT  ; NO          ; Untyped                                                                             ;
; LPM_PIPELINE           ; 0           ; Untyped                                                                             ;
; MAXIMIZE_SPEED         ; 5           ; Untyped                                                                             ;
; REGISTERED_AT_END      ; 0           ; Untyped                                                                             ;
; OPTIMIZE_FOR_SPEED     ; 5           ; Untyped                                                                             ;
; USE_CS_BUFFERS         ; 1           ; Untyped                                                                             ;
; CARRY_CHAIN            ; MANUAL      ; Untyped                                                                             ;
; CARRY_CHAIN_LENGTH     ; 48          ; CARRY_CHAIN_LENGTH                                                                  ;
; DEVICE_FAMILY          ; Stratix II  ; Untyped                                                                             ;
; USE_WYS                ; OFF         ; Untyped                                                                             ;
; STYLE                  ; FAST        ; Untyped                                                                             ;
; CBXI_PARAMETER         ; add_sub_pmh ; Untyped                                                                             ;
; AUTO_CARRY_CHAINS      ; ON          ; AUTO_CARRY                                                                          ;
; IGNORE_CARRY_BUFFERS   ; OFF         ; IGNORE_CARRY                                                                        ;
; AUTO_CASCADE_CHAINS    ; ON          ; AUTO_CASCADE                                                                        ;
; IGNORE_CASCADE_BUFFERS ; OFF         ; IGNORE_CASCADE                                                                      ;
+------------------------+-------------+-------------------------------------------------------------------------------------+
Note: In order to hide this table in the UI and the text report file, please set the "Show Parameter Settings Tables in Synthesis Report" option in "Analysis and Synthesis Settings -> More Settings" to "Off".


+--------------------------------------------------------------------------------------------------------------+
; Parameter Settings for User Entity Instance: address_resolver:inst10|lpm_dff1:inst28|lpm_ff:lpm_ff_component ;
+------------------------+------------+------------------------------------------------------------------------+
; Parameter Name         ; Value      ; Type                                                                   ;
+------------------------+------------+------------------------------------------------------------------------+
; LPM_WIDTH              ; 12         ; Untyped                                                                ;
; LPM_AVALUE             ; UNUSED     ; Untyped                                                                ;
; LPM_SVALUE             ; UNUSED     ; Untyped                                                                ;
; LPM_FFTYPE             ; DFF        ; Untyped                                                                ;
; DEVICE_FAMILY          ; Stratix II ; Untyped                                                                ;
; CBXI_PARAMETER         ; NOTHING    ; Untyped                                                                ;
; AUTO_CARRY_CHAINS      ; ON         ; AUTO_CARRY                                                             ;
; IGNORE_CARRY_BUFFERS   ; OFF        ; IGNORE_CARRY                                                           ;
; AUTO_CASCADE_CHAINS    ; ON         ; AUTO_CASCADE                                                           ;
; IGNORE_CASCADE_BUFFERS ; OFF        ; IGNORE_CASCADE                                                         ;
+------------------------+------------+------------------------------------------------------------------------+
Note: In order to hide this table in the UI and the text report file, please set the "Show Parameter Settings Tables in Synthesis Report" option in "Analysis and Synthesis Settings -> More Settings" to "Off".


+--------------------------------------------------------------------------------------------------------------+
; Parameter Settings for User Entity Instance: address_resolver:inst10|lpm_dff1:inst30|lpm_ff:lpm_ff_component ;
+------------------------+------------+------------------------------------------------------------------------+
; Parameter Name         ; Value      ; Type                                                                   ;
+------------------------+------------+------------------------------------------------------------------------+
; LPM_WIDTH              ; 12         ; Untyped                                                                ;
; LPM_AVALUE             ; UNUSED     ; Untyped                                                                ;
; LPM_SVALUE             ; UNUSED     ; Untyped                                                                ;
; LPM_FFTYPE             ; DFF        ; Untyped                                                                ;
; DEVICE_FAMILY          ; Stratix II ; Untyped                                                                ;
; CBXI_PARAMETER         ; NOTHING    ; Untyped                                                                ;
; AUTO_CARRY_CHAINS      ; ON         ; AUTO_CARRY                                                             ;
; IGNORE_CARRY_BUFFERS   ; OFF        ; IGNORE_CARRY                                                           ;
; AUTO_CASCADE_CHAINS    ; ON         ; AUTO_CASCADE                                                           ;
; IGNORE_CASCADE_BUFFERS ; OFF        ; IGNORE_CASCADE                                                         ;
+------------------------+------------+------------------------------------------------------------------------+
Note: In order to hide this table in the UI and the text report file, please set the "Show Parameter Settings Tables in Synthesis Report" option in "Analysis and Synthesis Settings -> More Settings" to "Off".


+-------------------------------------------------------------------------------------------------+
; Parameter Settings for User Entity Instance: lpm_bustri2:inst18|lpm_bustri:lpm_bustri_component ;
+----------------+-------+------------------------------------------------------------------------+
; Parameter Name ; Value ; Type                                                                   ;
+----------------+-------+------------------------------------------------------------------------+
; LPM_WIDTH      ; 4     ; Untyped                                                                ;
+----------------+-------+------------------------------------------------------------------------+
Note: In order to hide this table in the UI and the text report file, please set the "Show Parameter Settings Tables in Synthesis Report" option in "Analysis and Synthesis Settings -> More Settings" to "Off".


+-------------------------------------------------------------------------------------------------+
; Parameter Settings for User Entity Instance: lpm_bustri2:inst24|lpm_bustri:lpm_bustri_component ;
+----------------+-------+------------------------------------------------------------------------+
; Parameter Name ; Value ; Type                                                                   ;
+----------------+-------+------------------------------------------------------------------------+
; LPM_WIDTH      ; 4     ; Untyped                                                                ;
+----------------+-------+------------------------------------------------------------------------+
Note: In order to hide this table in the UI and the text report file, please set the "Show Parameter Settings Tables in Synthesis Report" option in "Analysis and Synthesis Settings -> More Settings" to "Off".


+-------------------------------------------------------------------------------------------------+
; Parameter Settings for User Entity Instance: lpm_bustri2:inst26|lpm_bustri:lpm_bustri_component ;
+----------------+-------+------------------------------------------------------------------------+
; Parameter Name ; Value ; Type                                                                   ;
+----------------+-------+------------------------------------------------------------------------+
; LPM_WIDTH      ; 4     ; Untyped                                                                ;
+----------------+-------+------------------------------------------------------------------------+
Note: In order to hide this table in the UI and the text report file, please set the "Show Parameter Settings Tables in Synthesis Report" option in "Analysis and Synthesis Settings -> More Settings" to "Off".


+-------------------------------------------------------------------------------------------------+
; Parameter Settings for User Entity Instance: lpm_bustri2:inst27|lpm_bustri:lpm_bustri_component ;
+----------------+-------+------------------------------------------------------------------------+
; Parameter Name ; Value ; Type                                                                   ;
+----------------+-------+------------------------------------------------------------------------+
; LPM_WIDTH      ; 4     ; Untyped                                                                ;
+----------------+-------+------------------------------------------------------------------------+
Note: In order to hide this table in the UI and the text report file, please set the "Show Parameter Settings Tables in Synthesis Report" option in "Analysis and Synthesis Settings -> More Settings" to "Off".


+-------------------------------------------------------------------------------------------------+
; Parameter Settings for User Entity Instance: lpm_bustri2:inst36|lpm_bustri:lpm_bustri_component ;
+----------------+-------+------------------------------------------------------------------------+
; Parameter Name ; Value ; Type                                                                   ;
+----------------+-------+------------------------------------------------------------------------+
; LPM_WIDTH      ; 4     ; Untyped                                                                ;
+----------------+-------+------------------------------------------------------------------------+
Note: In order to hide this table in the UI and the text report file, please set the "Show Parameter Settings Tables in Synthesis Report" option in "Analysis and Synthesis Settings -> More Settings" to "Off".


+-------------------------------------------------------------------------------------------------+
; Parameter Settings for User Entity Instance: lpm_bustri2:inst56|lpm_bustri:lpm_bustri_component ;
+----------------+-------+------------------------------------------------------------------------+
; Parameter Name ; Value ; Type                                                                   ;
+----------------+-------+------------------------------------------------------------------------+
; LPM_WIDTH      ; 4     ; Untyped                                                                ;
+----------------+-------+------------------------------------------------------------------------+
Note: In order to hide this table in the UI and the text report file, please set the "Show Parameter Settings Tables in Synthesis Report" option in "Analysis and Synthesis Settings -> More Settings" to "Off".


+-------------------------------------------------------------------------------------------------+
; Parameter Settings for User Entity Instance: lpm_bustri2:inst58|lpm_bustri:lpm_bustri_component ;
+----------------+-------+------------------------------------------------------------------------+
; Parameter Name ; Value ; Type                                                                   ;
+----------------+-------+------------------------------------------------------------------------+
; LPM_WIDTH      ; 4     ; Untyped                                                                ;
+----------------+-------+------------------------------------------------------------------------+
Note: In order to hide this table in the UI and the text report file, please set the "Show Parameter Settings Tables in Synthesis Report" option in "Analysis and Synthesis Settings -> More Settings" to "Off".


+-------------------------------------------------------------------------------------------------+
; Parameter Settings for User Entity Instance: lpm_bustri2:inst77|lpm_bustri:lpm_bustri_component ;
+----------------+-------+------------------------------------------------------------------------+
; Parameter Name ; Value ; Type                                                                   ;
+----------------+-------+------------------------------------------------------------------------+
; LPM_WIDTH      ; 4     ; Untyped                                                                ;
+----------------+-------+------------------------------------------------------------------------+
Note: In order to hide this table in the UI and the text report file, please set the "Show Parameter Settings Tables in Synthesis Report" option in "Analysis and Synthesis Settings -> More Settings" to "Off".


+-------------------------------------------------------------------------------------------------+
; Parameter Settings for User Entity Instance: lpm_bustri2:inst28|lpm_bustri:lpm_bustri_component ;
+----------------+-------+------------------------------------------------------------------------+
; Parameter Name ; Value ; Type                                                                   ;
+----------------+-------+------------------------------------------------------------------------+
; LPM_WIDTH      ; 4     ; Untyped                                                                ;
+----------------+-------+------------------------------------------------------------------------+
Note: In order to hide this table in the UI and the text report file, please set the "Show Parameter Settings Tables in Synthesis Report" option in "Analysis and Synthesis Settings -> More Settings" to "Off".


+-------------------------------------------------------------------------------------------------+
; Parameter Settings for User Entity Instance: lpm_bustri2:inst30|lpm_bustri:lpm_bustri_component ;
+----------------+-------+------------------------------------------------------------------------+
; Parameter Name ; Value ; Type                                                                   ;
+----------------+-------+------------------------------------------------------------------------+
; LPM_WIDTH      ; 4     ; Untyped                                                                ;
+----------------+-------+------------------------------------------------------------------------+
Note: In order to hide this table in the UI and the text report file, please set the "Show Parameter Settings Tables in Synthesis Report" option in "Analysis and Synthesis Settings -> More Settings" to "Off".


+-------------------------------+
; Analysis & Synthesis Messages ;
+-------------------------------+
Info: *******************************************************************
Info: Running Quartus II Analysis & Synthesis
    Info: Version 9.1 Build 222 10/21/2009 SJ Web Edition
    Info: Processing started: Mon Mar 11 19:39:32 2024
Info: Command: quartus_map --read_settings_files=on --write_settings_files=off course_work -c course_work
Info: Found 1 design units, including 1 entities, in source file block1.bdf
    Info: Found entity 1: Block1
Info: Found 1 design units, including 1 entities, in source file memory.bdf
    Info: Found entity 1: memory
Info: Found 1 design units, including 1 entities, in source file registers.bdf
    Info: Found entity 1: registers
Info: Found 1 design units, including 1 entities, in source file cpu.bdf
    Info: Found entity 1: cpu
Info: Found 1 design units, including 1 entities, in source file instraction_pointer.bdf
    Info: Found entity 1: instraction_pointer
Info: Found 1 design units, including 1 entities, in source file takt.bdf
    Info: Found entity 1: takt
Info: Found 1 design units, including 1 entities, in source file control_block.bdf
    Info: Found entity 1: control_block
Info: Found 1 design units, including 1 entities, in source file principal.bdf
    Info: Found entity 1: principal
Info: Found 1 design units, including 1 entities, in source file flags.bdf
    Info: Found entity 1: flags
Info: Found 1 design units, including 1 entities, in source file arithmetic_logic_unit.bdf
    Info: Found entity 1: arithmetic_logic_unit
Info: Found 1 design units, including 1 entities, in source file address_resolver.bdf
    Info: Found entity 1: address_resolver
Info: Elaborating entity "control_block" for the top level hierarchy
Warning: Pin "ZF" not connected
Info: Elaborating entity "takt" for hierarchy "takt:inst"
Warning: Using design file lpm_decode3.tdf, which is not specified as a design file for the current project, but contains definitions for 1 design units and 1 entities in project
    Info: Found entity 1: lpm_decode3
Info: Elaborating entity "lpm_decode3" for hierarchy "takt:inst|lpm_decode3:inst1"
Info: Elaborating entity "lpm_decode" for hierarchy "takt:inst|lpm_decode3:inst1|lpm_decode:lpm_decode_component"
Info: Elaborated megafunction instantiation "takt:inst|lpm_decode3:inst1|lpm_decode:lpm_decode_component"
Info: Instantiated megafunction "takt:inst|lpm_decode3:inst1|lpm_decode:lpm_decode_component" with the following parameter:
    Info: Parameter "LPM_TYPE" = "LPM_DECODE"
    Info: Parameter "LPM_WIDTH" = "4"
    Info: Parameter "LPM_DECODES" = "16"
Info: Found 1 design units, including 1 entities, in source file db/decode_e9f.tdf
    Info: Found entity 1: decode_e9f
Info: Elaborating entity "decode_e9f" for hierarchy "takt:inst|lpm_decode3:inst1|lpm_decode:lpm_decode_component|decode_e9f:auto_generated"
Warning: Using design file lpm_counter3.tdf, which is not specified as a design file for the current project, but contains definitions for 1 design units and 1 entities in project
    Info: Found entity 1: lpm_counter3
Info: Elaborating entity "lpm_counter3" for hierarchy "takt:inst|lpm_counter3:inst2"
Info: Elaborating entity "lpm_counter" for hierarchy "takt:inst|lpm_counter3:inst2|lpm_counter:lpm_counter_component"
Info: Elaborated megafunction instantiation "takt:inst|lpm_counter3:inst2|lpm_counter:lpm_counter_component"
Info: Instantiated megafunction "takt:inst|lpm_counter3:inst2|lpm_counter:lpm_counter_component" with the following parameter:
    Info: Parameter "LPM_TYPE" = "LPM_COUNTER"
    Info: Parameter "LPM_WIDTH" = "4"
    Info: Parameter "LPM_DIRECTION" = "UP"
    Info: Parameter "LPM_PORT_UPDOWN" = "PORT_UNUSED"
Info: Found 1 design units, including 1 entities, in source file db/cntr_s3i.tdf
    Info: Found entity 1: cntr_s3i
Info: Elaborating entity "cntr_s3i" for hierarchy "takt:inst|lpm_counter3:inst2|lpm_counter:lpm_counter_component|cntr_s3i:auto_generated"
Warning: Using design file lpm_decode4.tdf, which is not specified as a design file for the current project, but contains definitions for 1 design units and 1 entities in project
    Info: Found entity 1: lpm_decode4
Info: Elaborating entity "lpm_decode4" for hierarchy "lpm_decode4:inst14"
Info: Elaborating entity "lpm_decode" for hierarchy "lpm_decode4:inst14|lpm_decode:lpm_decode_component"
Info: Elaborated megafunction instantiation "lpm_decode4:inst14|lpm_decode:lpm_decode_component"
Info: Instantiated megafunction "lpm_decode4:inst14|lpm_decode:lpm_decode_component" with the following parameter:
    Info: Parameter "LPM_TYPE" = "LPM_DECODE"
    Info: Parameter "LPM_WIDTH" = "5"
    Info: Parameter "LPM_DECODES" = "32"
Info: Found 1 design units, including 1 entities, in source file db/decode_d9f.tdf
    Info: Found entity 1: decode_d9f
Info: Elaborating entity "decode_d9f" for hierarchy "lpm_decode4:inst14|lpm_decode:lpm_decode_component|decode_d9f:auto_generated"
Warning: Using design file lpm_dff0.tdf, which is not specified as a design file for the current project, but contains definitions for 1 design units and 1 entities in project
    Info: Found entity 1: lpm_dff0
Info: Elaborating entity "lpm_dff0" for hierarchy "lpm_dff0:inst7"
Info: Elaborating entity "lpm_ff" for hierarchy "lpm_dff0:inst7|lpm_ff:lpm_ff_component"
Info: Elaborated megafunction instantiation "lpm_dff0:inst7|lpm_ff:lpm_ff_component"
Info: Instantiated megafunction "lpm_dff0:inst7|lpm_ff:lpm_ff_component" with the following parameter:
    Info: Parameter "LPM_TYPE" = "LPM_FF"
    Info: Parameter "LPM_WIDTH" = "15"
    Info: Parameter "LPM_FFTYPE" = "DFF"
Warning: Using design file lpm_bustri1.tdf, which is not specified as a design file for the current project, but contains definitions for 1 design units and 1 entities in project
    Info: Found entity 1: lpm_bustri1
Info: Elaborating entity "lpm_bustri1" for hierarchy "lpm_bustri1:inst41"
Info: Elaborating entity "lpm_bustri" for hierarchy "lpm_bustri1:inst41|lpm_bustri:lpm_bustri_component"
Info: Elaborated megafunction instantiation "lpm_bustri1:inst41|lpm_bustri:lpm_bustri_component"
Info: Instantiated megafunction "lpm_bustri1:inst41|lpm_bustri:lpm_bustri_component" with the following parameter:
    Info: Parameter "LPM_TYPE" = "LPM_BUSTRI"
    Info: Parameter "LPM_WIDTH" = "15"
Info: Elaborating entity "instraction_pointer" for hierarchy "instraction_pointer:inst3"
Warning: Using design file lpm_bustri5.tdf, which is not specified as a design file for the current project, but contains definitions for 1 design units and 1 entities in project
    Info: Found entity 1: lpm_bustri5
Info: Elaborating entity "lpm_bustri5" for hierarchy "instraction_pointer:inst3|lpm_bustri5:inst5"
Info: Elaborating entity "lpm_bustri" for hierarchy "instraction_pointer:inst3|lpm_bustri5:inst5|lpm_bustri:lpm_bustri_component"
Info: Elaborated megafunction instantiation "instraction_pointer:inst3|lpm_bustri5:inst5|lpm_bustri:lpm_bustri_component"
Info: Instantiated megafunction "instraction_pointer:inst3|lpm_bustri5:inst5|lpm_bustri:lpm_bustri_component" with the following parameter:
    Info: Parameter "LPM_TYPE" = "LPM_BUSTRI"
    Info: Parameter "LPM_WIDTH" = "12"
Warning: Using design file lpm_dff1.tdf, which is not specified as a design file for the current project, but contains definitions for 1 design units and 1 entities in project
    Info: Found entity 1: lpm_dff1
Info: Elaborating entity "lpm_dff1" for hierarchy "instraction_pointer:inst3|lpm_dff1:inst"
Info: Elaborating entity "lpm_ff" for hierarchy "instraction_pointer:inst3|lpm_dff1:inst|lpm_ff:lpm_ff_component"
Info: Elaborated megafunction instantiation "instraction_pointer:inst3|lpm_dff1:inst|lpm_ff:lpm_ff_component"
Info: Instantiated megafunction "instraction_pointer:inst3|lpm_dff1:inst|lpm_ff:lpm_ff_component" with the following parameter:
    Info: Parameter "LPM_TYPE" = "LPM_FF"
    Info: Parameter "LPM_WIDTH" = "12"
    Info: Parameter "LPM_FFTYPE" = "DFF"
Warning: Using design file lpm_add_sub0.tdf, which is not specified as a design file for the current project, but contains definitions for 1 design units and 1 entities in project
    Info: Found entity 1: lpm_add_sub0
Info: Elaborating entity "lpm_add_sub0" for hierarchy "instraction_pointer:inst3|lpm_add_sub0:inst1"
Info: Elaborating entity "lpm_add_sub" for hierarchy "instraction_pointer:inst3|lpm_add_sub0:inst1|lpm_add_sub:lpm_add_sub_component"
Info: Elaborated megafunction instantiation "instraction_pointer:inst3|lpm_add_sub0:inst1|lpm_add_sub:lpm_add_sub_component"
Info: Instantiated megafunction "instraction_pointer:inst3|lpm_add_sub0:inst1|lpm_add_sub:lpm_add_sub_component" with the following parameter:
    Info: Parameter "LPM_TYPE" = "LPM_ADD_SUB"
    Info: Parameter "LPM_HINT" = "ONE_INPUT_IS_CONSTANT=YES,CIN_USED=NO"
    Info: Parameter "LPM_WIDTH" = "12"
    Info: Parameter "LPM_REPRESENTATION" = "UNSIGNED"
    Info: Parameter "LPM_DIRECTION" = "ADD"
Info: Found 1 design units, including 1 entities, in source file db/add_sub_dqh.tdf
    Info: Found entity 1: add_sub_dqh
Info: Elaborating entity "add_sub_dqh" for hierarchy "instraction_pointer:inst3|lpm_add_sub0:inst1|lpm_add_sub:lpm_add_sub_component|add_sub_dqh:auto_generated"
Info: Elaborating entity "address_resolver" for hierarchy "address_resolver:inst10"
Warning: Using design file lpm_add_sub2.tdf, which is not specified as a design file for the current project, but contains definitions for 1 design units and 1 entities in project
    Info: Found entity 1: lpm_add_sub2
Info: Elaborating entity "lpm_add_sub2" for hierarchy "address_resolver:inst10|lpm_add_sub2:inst32"
Info: Elaborating entity "lpm_add_sub" for hierarchy "address_resolver:inst10|lpm_add_sub2:inst32|lpm_add_sub:lpm_add_sub_component"
Info: Elaborated megafunction instantiation "address_resolver:inst10|lpm_add_sub2:inst32|lpm_add_sub:lpm_add_sub_component"
Info: Instantiated megafunction "address_resolver:inst10|lpm_add_sub2:inst32|lpm_add_sub:lpm_add_sub_component" with the following parameter:
    Info: Parameter "LPM_TYPE" = "LPM_ADD_SUB"
    Info: Parameter "LPM_HINT" = "ONE_INPUT_IS_CONSTANT=NO,CIN_USED=NO"
    Info: Parameter "LPM_WIDTH" = "12"
    Info: Parameter "LPM_REPRESENTATION" = "UNSIGNED"
    Info: Parameter "LPM_DIRECTION" = "ADD"
Info: Found 1 design units, including 1 entities, in source file db/add_sub_pmh.tdf
    Info: Found entity 1: add_sub_pmh
Info: Elaborating entity "add_sub_pmh" for hierarchy "address_resolver:inst10|lpm_add_sub2:inst32|lpm_add_sub:lpm_add_sub_component|add_sub_pmh:auto_generated"
Warning: Using design file lpm_bustri2.tdf, which is not specified as a design file for the current project, but contains definitions for 1 design units and 1 entities in project
    Info: Found entity 1: lpm_bustri2
Info: Elaborating entity "lpm_bustri2" for hierarchy "lpm_bustri2:inst18"
Info: Elaborating entity "lpm_bustri" for hierarchy "lpm_bustri2:inst18|lpm_bustri:lpm_bustri_component"
Info: Elaborated megafunction instantiation "lpm_bustri2:inst18|lpm_bustri:lpm_bustri_component"
Info: Instantiated megafunction "lpm_bustri2:inst18|lpm_bustri:lpm_bustri_component" with the following parameter:
    Info: Parameter "LPM_TYPE" = "LPM_BUSTRI"
    Info: Parameter "LPM_WIDTH" = "4"
Error: Net "ALU_control", which fans out to "ALU_control[2]", cannot be assigned more than one value
    Error: Net is fed by "inst83"
    Error: Net is fed by "inst91"
Error: Net "ALU_control", which fans out to "ALU_control[4]", cannot be assigned more than one value
    Error: Net is fed by "inst84"
    Error: Net is fed by "inst92"
Error: Quartus II Analysis & Synthesis was unsuccessful. 6 errors, 11 warnings
    Error: Peak virtual memory: 233 megabytes
    Error: Processing ended: Mon Mar 11 19:39:34 2024
    Error: Elapsed time: 00:00:02
    Error: Total CPU time (on all processors): 00:00:03


