Flow report for course_work
Mon Mar 11 19:39:34 2024
Quartus II Version 9.1 Build 222 10/21/2009 SJ Web Edition


---------------------
; Table of Contents ;
---------------------
  1. Legal Notice
  2. Flow Summary
  3. Flow Settings
  4. Flow Non-Default Global Settings
  5. Flow Elapsed Time
  6. Flow OS Summary
  7. Flow Log



----------------
; Legal Notice ;
----------------
Copyright (C) 1991-2009 Altera Corporation
Your use of Altera Corporation's design tools, logic functions 
and other software and tools, and its AMPP partner logic 
functions, and any output files from any of the foregoing 
(including device programming or simulation files), and any 
associated documentation or information are expressly subject 
to the terms and conditions of the Altera Program License 
Subscription Agreement, Altera MegaCore Function License 
Agreement, or other applicable license agreement, including, 
without limitation, that your use is for the sole purpose of 
programming logic devices manufactured by Altera and sold by 
Altera or its authorized distributors.  Please refer to the 
applicable agreement for further details.



+-------------------------------------------------------------------------+
; Flow Summary                                                            ;
+-------------------------------+-----------------------------------------+
; Flow Status                   ; Flow Failed - Mon Mar 11 19:39:34 2024  ;
; Quartus II Version            ; 9.1 Build 222 10/21/2009 SJ Web Edition ;
; Revision Name                 ; course_work                             ;
; Top-level Entity Name         ; control_block                           ;
; Family                        ; Stratix II                              ;
; Met timing requirements       ; N/A                                     ;
; Logic utilization             ; N/A until Partition Merge               ;
;     Combinational ALUTs       ; N/A until Partition Merge               ;
;     Dedicated logic registers ; N/A until Partition Merge               ;
; Total registers               ; N/A until Partition Merge               ;
; Total pins                    ; N/A until Partition Merge               ;
; Total virtual pins            ; N/A until Partition Merge               ;
; Total block memory bits       ; N/A until Partition Merge               ;
; DSP block 9-bit elements      ; N/A until Partition Merge               ;
; Total PLLs                    ; N/A until Partition Merge               ;
; Total DLLs                    ; N/A until Partition Merge               ;
+-------------------------------+-----------------------------------------+


+-----------------------------------------+
; Flow Settings                           ;
+-------------------+---------------------+
; Option            ; Setting             ;
+-------------------+---------------------+
; Start date & time ; 03/11/2024 19:39:33 ;
; Main task         ; Compilation         ;
; Revision Name     ; course_work         ;
+-------------------+---------------------+


+----------------------------------------------------------------------------------------------------------------------+
; Flow Non-Default Global Settings                                                                                     ;
+------------------------------------+--------------------------------+---------------+---------------+----------------+
; Assignment Name                    ; Value                          ; Default Value ; Entity Name   ; Section Id     ;
+------------------------------------+--------------------------------+---------------+---------------+----------------+
; COMPILER_SIGNATURE_ID              ; 10995770589189.171017517213048 ; --            ; --            ; --             ;
; IP_TOOL_NAME                       ; LPM_ROM                        ; --            ; --            ; --             ;
; IP_TOOL_NAME                       ; LPM_RAM_DQ                     ; --            ; --            ; --             ;
; IP_TOOL_NAME                       ; LPM_DECODE                     ; --            ; --            ; --             ;
; IP_TOOL_NAME                       ; LPM_BUSTRI                     ; --            ; --            ; --             ;
; IP_TOOL_NAME                       ; LPM_BUSTRI                     ; --            ; --            ; --             ;
; IP_TOOL_NAME                       ; LPM_COUNTER                    ; --            ; --            ; --             ;
; IP_TOOL_NAME                       ; LPM_COMPARE                    ; --            ; --            ; --             ;
; IP_TOOL_NAME                       ; LPM_FF                         ; --            ; --            ; --             ;
; IP_TOOL_NAME                       ; LPM_DECODE                     ; --            ; --            ; --             ;
; IP_TOOL_NAME                       ; LPM_FF                         ; --            ; --            ; --             ;
; IP_TOOL_NAME                       ; LPM_DECODE                     ; --            ; --            ; --             ;
; IP_TOOL_NAME                       ; LPM_ADD_SUB                    ; --            ; --            ; --             ;
; IP_TOOL_NAME                       ; LPM_BUSTRI                     ; --            ; --            ; --             ;
; IP_TOOL_NAME                       ; LPM_COUNTER                    ; --            ; --            ; --             ;
; IP_TOOL_NAME                       ; LPM_COUNTER                    ; --            ; --            ; --             ;
; IP_TOOL_NAME                       ; LPM_COUNTER                    ; --            ; --            ; --             ;
; IP_TOOL_NAME                       ; LPM_CONSTANT                   ; --            ; --            ; --             ;
; IP_TOOL_NAME                       ; LPM_COUNTER                    ; --            ; --            ; --             ;
; IP_TOOL_NAME                       ; LPM_COUNTER                    ; --            ; --            ; --             ;
; IP_TOOL_NAME                       ; LPM_COMPARE                    ; --            ; --            ; --             ;
; IP_TOOL_NAME                       ; LPM_COUNTER                    ; --            ; --            ; --             ;
; IP_TOOL_NAME                       ; LPM_COMPARE                    ; --            ; --            ; --             ;
; IP_TOOL_NAME                       ; LPM_COUNTER                    ; --            ; --            ; --             ;
; IP_TOOL_NAME                       ; LPM_BUSTRI                     ; --            ; --            ; --             ;
; IP_TOOL_NAME                       ; LPM_ADD_SUB                    ; --            ; --            ; --             ;
; IP_TOOL_NAME                       ; LPM_ADD_SUB                    ; --            ; --            ; --             ;
; IP_TOOL_NAME                       ; LPM_AND                        ; --            ; --            ; --             ;
; IP_TOOL_NAME                       ; LPM_INV                        ; --            ; --            ; --             ;
; IP_TOOL_NAME                       ; LPM_CLSHIFT                    ; --            ; --            ; --             ;
; IP_TOOL_NAME                       ; LPM_COMPARE                    ; --            ; --            ; --             ;
; IP_TOOL_VERSION                    ; 9.1                            ; --            ; --            ; --             ;
; IP_TOOL_VERSION                    ; 9.1                            ; --            ; --            ; --             ;
; IP_TOOL_VERSION                    ; 9.1                            ; --            ; --            ; --             ;
; IP_TOOL_VERSION                    ; 9.1                            ; --            ; --            ; --             ;
; IP_TOOL_VERSION                    ; 9.1                            ; --            ; --            ; --             ;
; IP_TOOL_VERSION                    ; 9.1                            ; --            ; --            ; --             ;
; IP_TOOL_VERSION                    ; 9.1                            ; --            ; --            ; --             ;
; IP_TOOL_VERSION                    ; 9.1                            ; --            ; --            ; --             ;
; IP_TOOL_VERSION                    ; 9.1                            ; --            ; --            ; --             ;
; IP_TOOL_VERSION                    ; 9.1                            ; --            ; --            ; --             ;
; IP_TOOL_VERSION                    ; 9.1                            ; --            ; --            ; --             ;
; IP_TOOL_VERSION                    ; 9.1                            ; --            ; --            ; --             ;
; IP_TOOL_VERSION                    ; 9.1                            ; --            ; --            ; --             ;
; IP_TOOL_VERSION                    ; 9.1                            ; --            ; --            ; --             ;
; IP_TOOL_VERSION                    ; 9.1                            ; --            ; --            ; --             ;
; IP_TOOL_VERSION                    ; 9.1                            ; --            ; --            ; --             ;
; IP_TOOL_VERSION                    ; 9.1                            ; --            ; --            ; --             ;
; IP_TOOL_VERSION                    ; 9.1                            ; --            ; --            ; --             ;
; IP_TOOL_VERSION                    ; 9.1                            ; --            ; --            ; --             ;
; IP_TOOL_VERSION                    ; 9.1                            ; --            ; --            ; --             ;
; IP_TOOL_VERSION                    ; 9.1                            ; --            ; --            ; --             ;
; IP_TOOL_VERSION                    ; 9.1                            ; --            ; --            ; --             ;
; IP_TOOL_VERSION                    ; 9.1                            ; --            ; --            ; --             ;
; IP_TOOL_VERSION                    ; 9.1                            ; --            ; --            ; --             ;
; IP_TOOL_VERSION                    ; 9.1                            ; --            ; --            ; --             ;
; IP_TOOL_VERSION                    ; 9.1                            ; --            ; --            ; --             ;
; IP_TOOL_VERSION                    ; 9.1                            ; --            ; --            ; --             ;
; IP_TOOL_VERSION                    ; 9.1                            ; --            ; --            ; --             ;
; IP_TOOL_VERSION                    ; 9.1                            ; --            ; --            ; --             ;
; IP_TOOL_VERSION                    ; 9.1                            ; --            ; --            ; --             ;
; MISC_FILE                          ; lpm_rom0.tdf                   ; --            ; --            ; --             ;
; MISC_FILE                          ; lpm_rom0.bsf                   ; --            ; --            ; --             ;
; MISC_FILE                          ; lpm_rom0.inc                   ; --            ; --            ; --             ;
; MISC_FILE                          ; lpm_rom0.cmp                   ; --            ; --            ; --             ;
; MISC_FILE                          ; lpm_ram_dq0.tdf                ; --            ; --            ; --             ;
; MISC_FILE                          ; lpm_ram_dq0.bsf                ; --            ; --            ; --             ;
; MISC_FILE                          ; lpm_ram_dq0.inc                ; --            ; --            ; --             ;
; MISC_FILE                          ; lpm_ram_dq0.cmp                ; --            ; --            ; --             ;
; MISC_FILE                          ; lpm_decode0.tdf                ; --            ; --            ; --             ;
; MISC_FILE                          ; lpm_decode0.bsf                ; --            ; --            ; --             ;
; MISC_FILE                          ; lpm_decode0.inc                ; --            ; --            ; --             ;
; MISC_FILE                          ; lpm_decode0.cmp                ; --            ; --            ; --             ;
; MISC_FILE                          ; lpm_bustri0.tdf                ; --            ; --            ; --             ;
; MISC_FILE                          ; lpm_bustri0.bsf                ; --            ; --            ; --             ;
; MISC_FILE                          ; lpm_bustri0.inc                ; --            ; --            ; --             ;
; MISC_FILE                          ; lpm_bustri0.cmp                ; --            ; --            ; --             ;
; MISC_FILE                          ; lpm_bustri1.tdf                ; --            ; --            ; --             ;
; MISC_FILE                          ; lpm_bustri1.bsf                ; --            ; --            ; --             ;
; MISC_FILE                          ; lpm_bustri1.inc                ; --            ; --            ; --             ;
; MISC_FILE                          ; lpm_bustri1.cmp                ; --            ; --            ; --             ;
; MISC_FILE                          ; lpm_counter0.tdf               ; --            ; --            ; --             ;
; MISC_FILE                          ; lpm_counter0.bsf               ; --            ; --            ; --             ;
; MISC_FILE                          ; lpm_counter0.inc               ; --            ; --            ; --             ;
; MISC_FILE                          ; lpm_counter0.cmp               ; --            ; --            ; --             ;
; MISC_FILE                          ; lpm_compare0.tdf               ; --            ; --            ; --             ;
; MISC_FILE                          ; lpm_compare0.bsf               ; --            ; --            ; --             ;
; MISC_FILE                          ; lpm_compare0.inc               ; --            ; --            ; --             ;
; MISC_FILE                          ; lpm_compare0.cmp               ; --            ; --            ; --             ;
; MISC_FILE                          ; lpm_dff0.tdf                   ; --            ; --            ; --             ;
; MISC_FILE                          ; lpm_dff0.bsf                   ; --            ; --            ; --             ;
; MISC_FILE                          ; lpm_dff0.inc                   ; --            ; --            ; --             ;
; MISC_FILE                          ; lpm_dff0.cmp                   ; --            ; --            ; --             ;
; MISC_FILE                          ; lpm_decode3.tdf                ; --            ; --            ; --             ;
; MISC_FILE                          ; lpm_decode3.bsf                ; --            ; --            ; --             ;
; MISC_FILE                          ; lpm_decode3.inc                ; --            ; --            ; --             ;
; MISC_FILE                          ; lpm_decode3.cmp                ; --            ; --            ; --             ;
; MISC_FILE                          ; lpm_dff1.tdf                   ; --            ; --            ; --             ;
; MISC_FILE                          ; lpm_dff1.bsf                   ; --            ; --            ; --             ;
; MISC_FILE                          ; lpm_dff1.inc                   ; --            ; --            ; --             ;
; MISC_FILE                          ; lpm_dff1.cmp                   ; --            ; --            ; --             ;
; MISC_FILE                          ; lpm_decode4.tdf                ; --            ; --            ; --             ;
; MISC_FILE                          ; lpm_decode4.bsf                ; --            ; --            ; --             ;
; MISC_FILE                          ; lpm_decode4.inc                ; --            ; --            ; --             ;
; MISC_FILE                          ; lpm_decode4.cmp                ; --            ; --            ; --             ;
; MISC_FILE                          ; lpm_add_sub0.tdf               ; --            ; --            ; --             ;
; MISC_FILE                          ; lpm_add_sub0.bsf               ; --            ; --            ; --             ;
; MISC_FILE                          ; lpm_add_sub0.inc               ; --            ; --            ; --             ;
; MISC_FILE                          ; lpm_add_sub0.cmp               ; --            ; --            ; --             ;
; MISC_FILE                          ; lpm_bustri5.tdf                ; --            ; --            ; --             ;
; MISC_FILE                          ; lpm_bustri5.bsf                ; --            ; --            ; --             ;
; MISC_FILE                          ; lpm_bustri5.inc                ; --            ; --            ; --             ;
; MISC_FILE                          ; lpm_bustri5.cmp                ; --            ; --            ; --             ;
; MISC_FILE                          ; lpm_counter1.tdf               ; --            ; --            ; --             ;
; MISC_FILE                          ; lpm_counter1.bsf               ; --            ; --            ; --             ;
; MISC_FILE                          ; lpm_counter1.inc               ; --            ; --            ; --             ;
; MISC_FILE                          ; lpm_counter1.cmp               ; --            ; --            ; --             ;
; MISC_FILE                          ; lpm_counter2.tdf               ; --            ; --            ; --             ;
; MISC_FILE                          ; lpm_counter2.bsf               ; --            ; --            ; --             ;
; MISC_FILE                          ; lpm_counter2.inc               ; --            ; --            ; --             ;
; MISC_FILE                          ; lpm_counter2.cmp               ; --            ; --            ; --             ;
; MISC_FILE                          ; lpm_counter3.tdf               ; --            ; --            ; --             ;
; MISC_FILE                          ; lpm_counter3.bsf               ; --            ; --            ; --             ;
; MISC_FILE                          ; lpm_counter3.inc               ; --            ; --            ; --             ;
; MISC_FILE                          ; lpm_counter3.cmp               ; --            ; --            ; --             ;
; MISC_FILE                          ; lpm_constant3.tdf              ; --            ; --            ; --             ;
; MISC_FILE                          ; lpm_constant3.bsf              ; --            ; --            ; --             ;
; MISC_FILE                          ; lpm_constant3.inc              ; --            ; --            ; --             ;
; MISC_FILE                          ; lpm_constant3.cmp              ; --            ; --            ; --             ;
; MISC_FILE                          ; lpm_counter4.tdf               ; --            ; --            ; --             ;
; MISC_FILE                          ; lpm_counter4.bsf               ; --            ; --            ; --             ;
; MISC_FILE                          ; lpm_counter4.inc               ; --            ; --            ; --             ;
; MISC_FILE                          ; lpm_counter4.cmp               ; --            ; --            ; --             ;
; MISC_FILE                          ; lpm_counter5.tdf               ; --            ; --            ; --             ;
; MISC_FILE                          ; lpm_counter5.bsf               ; --            ; --            ; --             ;
; MISC_FILE                          ; lpm_counter5.inc               ; --            ; --            ; --             ;
; MISC_FILE                          ; lpm_counter5.cmp               ; --            ; --            ; --             ;
; MISC_FILE                          ; lpm_compare1.tdf               ; --            ; --            ; --             ;
; MISC_FILE                          ; lpm_compare1.bsf               ; --            ; --            ; --             ;
; MISC_FILE                          ; lpm_compare1.inc               ; --            ; --            ; --             ;
; MISC_FILE                          ; lpm_compare1.cmp               ; --            ; --            ; --             ;
; MISC_FILE                          ; lpm_counter6.tdf               ; --            ; --            ; --             ;
; MISC_FILE                          ; lpm_counter6.bsf               ; --            ; --            ; --             ;
; MISC_FILE                          ; lpm_counter6.inc               ; --            ; --            ; --             ;
; MISC_FILE                          ; lpm_counter6.cmp               ; --            ; --            ; --             ;
; MISC_FILE                          ; lpm_compare2.tdf               ; --            ; --            ; --             ;
; MISC_FILE                          ; lpm_compare2.bsf               ; --            ; --            ; --             ;
; MISC_FILE                          ; lpm_compare2.inc               ; --            ; --            ; --             ;
; MISC_FILE                          ; lpm_compare2.cmp               ; --            ; --            ; --             ;
; MISC_FILE                          ; lpm_counter7.tdf               ; --            ; --            ; --             ;
; MISC_FILE                          ; lpm_counter7.bsf               ; --            ; --            ; --             ;
; MISC_FILE                          ; lpm_counter7.inc               ; --            ; --            ; --             ;
; MISC_FILE                          ; lpm_counter7.cmp               ; --            ; --            ; --             ;
; MISC_FILE                          ; lpm_bustri2.tdf                ; --            ; --            ; --             ;
; MISC_FILE                          ; lpm_bustri2.bsf                ; --            ; --            ; --             ;
; MISC_FILE                          ; lpm_bustri2.inc                ; --            ; --            ; --             ;
; MISC_FILE                          ; lpm_bustri2.cmp                ; --            ; --            ; --             ;
; MISC_FILE                          ; lpm_add_sub2.tdf               ; --            ; --            ; --             ;
; MISC_FILE                          ; lpm_add_sub2.bsf               ; --            ; --            ; --             ;
; MISC_FILE                          ; lpm_add_sub2.inc               ; --            ; --            ; --             ;
; MISC_FILE                          ; lpm_add_sub2.cmp               ; --            ; --            ; --             ;
; MISC_FILE                          ; lpm_add_sub1.tdf               ; --            ; --            ; --             ;
; MISC_FILE                          ; lpm_add_sub1.bsf               ; --            ; --            ; --             ;
; MISC_FILE                          ; lpm_add_sub1.inc               ; --            ; --            ; --             ;
; MISC_FILE                          ; lpm_add_sub1.cmp               ; --            ; --            ; --             ;
; MISC_FILE                          ; lpm_and0.tdf                   ; --            ; --            ; --             ;
; MISC_FILE                          ; lpm_and0.bsf                   ; --            ; --            ; --             ;
; MISC_FILE                          ; lpm_and0.inc                   ; --            ; --            ; --             ;
; MISC_FILE                          ; lpm_and0.cmp                   ; --            ; --            ; --             ;
; MISC_FILE                          ; lpm_inv0.tdf                   ; --            ; --            ; --             ;
; MISC_FILE                          ; lpm_inv0.bsf                   ; --            ; --            ; --             ;
; MISC_FILE                          ; lpm_inv0.inc                   ; --            ; --            ; --             ;
; MISC_FILE                          ; lpm_inv0.cmp                   ; --            ; --            ; --             ;
; MISC_FILE                          ; lpm_clshift0.tdf               ; --            ; --            ; --             ;
; MISC_FILE                          ; lpm_clshift0.bsf               ; --            ; --            ; --             ;
; MISC_FILE                          ; lpm_clshift0.inc               ; --            ; --            ; --             ;
; MISC_FILE                          ; lpm_clshift0.cmp               ; --            ; --            ; --             ;
; MISC_FILE                          ; lpm_compare3.tdf               ; --            ; --            ; --             ;
; MISC_FILE                          ; lpm_compare3.bsf               ; --            ; --            ; --             ;
; MISC_FILE                          ; lpm_compare3.inc               ; --            ; --            ; --             ;
; MISC_FILE                          ; lpm_compare3.cmp               ; --            ; --            ; --             ;
; PARTITION_COLOR                    ; 16764057                       ; --            ; control_block ; Top            ;
; PARTITION_NETLIST_TYPE             ; SOURCE                         ; --            ; control_block ; Top            ;
; TOP_LEVEL_ENTITY                   ; control_block                  ; course_work   ; --            ; --             ;
; USE_GENERATED_PHYSICAL_CONSTRAINTS ; Off                            ; --            ; --            ; eda_blast_fpga ;
+------------------------------------+--------------------------------+---------------+---------------+----------------+


+--------------------------------------------------------------------------------------------------------------------------+
; Flow Elapsed Time                                                                                                        ;
+----------------------+--------------+-------------------------+---------------------+------------------------------------+
; Module Name          ; Elapsed Time ; Average Processors Used ; Peak Virtual Memory ; Total CPU Time (on all processors) ;
+----------------------+--------------+-------------------------+---------------------+------------------------------------+
; Analysis & Synthesis ; 00:00:02     ; 1.0                     ; 233 MB              ; 00:00:03                           ;
; Total                ; 00:00:02     ; --                      ; --                  ; 00:00:03                           ;
+----------------------+--------------+-------------------------+---------------------+------------------------------------+


+---------------------------------------------------------------------------------------+
; Flow OS Summary                                                                       ;
+----------------------+------------------+---------------+------------+----------------+
; Module Name          ; Machine Hostname ; OS Name       ; OS Version ; Processor type ;
+----------------------+------------------+---------------+------------+----------------+
; Analysis & Synthesis ; DESKTOP-C83TLR1  ; Windows Vista ; 6.2        ; x86_64         ;
+----------------------+------------------+---------------+------------+----------------+


------------
; Flow Log ;
------------
quartus_map --read_settings_files=on --write_settings_files=off course_work -c course_work



